<?xml version="1.0" encoding="UTF-8"?>
<testsuite xmlns:xsi="http://www.w3.org/2001/XMLSchema-instance" xsi:noNamespaceSchemaLocation="https://maven.apache.org/surefire/maven-surefire-plugin/xsd/surefire-test-report.xsd" name="com.example.dao.UtilisateurDAOTest" time="0.027" tests="5" errors="0" skipped="0" failures="0">
  <properties>
[...]
</properties>
  <testcase name="testAddUtilisateur" classname="com.example.dao.UtilisateurDAOTest" time="0.022"/>
  <testcase name="testUpdateUtilisateur" classname="com.example.dao.UtilisateurDAOTest" time="0.001"/>
  <testcase name="testGetAllUtilisateurs" classname="com.example.dao.UtilisateurDAOTest" time="0"/>
  <testcase name="testDeleteUtilisateur" classname="com.example.dao.UtilisateurDAOTest" time="0"/>
  <testcase name="testGetUtilisateur" classname="com.example.dao.UtilisateurDAOTest" time="0"/>
</testsuite>